{"contracts\\SchoolManagementSystem.sol":{"l":{"22":6,"23":6,"24":6,"25":6,"29":3,"30":3,"31":3,"32":3,"33":3,"36":0,"40":1,"41":1,"42":1,"43":1,"44":1,"45":1,"48":0,"52":1,"53":1,"57":2,"58":2,"59":2,"60":2,"61":2,"62":2,"65":0,"69":2,"70":2,"71":2,"72":2,"73":2,"74":2,"77":0,"81":2,"82":2,"83":2,"84":2,"87":0,"91":15,"95":1,"96":1,"97":1,"98":1,"99":1,"100":1,"103":0,"107":1,"108":1,"109":1,"110":1,"111":1,"112":1,"113":1,"116":0},"path":"C:\\Users\\DELL\\blockchain_development\\solidity\\Web3bridge-Web3-Cohort-XIII\\onsite-program\\submissions\\week-4\\day-4\\day4-task2\\BABALOLA ABIODUN AYOMIDE\\contracts\\SchoolManagementSystem.sol","s":{"1":6,"2":6,"3":6,"4":6,"5":3,"6":3,"7":3,"8":3,"9":1,"10":1,"11":1,"12":1,"13":1,"14":1,"15":1,"16":2,"17":2,"18":2,"19":2,"20":2,"21":2,"22":2,"23":2,"24":2,"25":2,"26":2,"27":2,"28":2,"29":2,"30":15,"31":1,"32":1,"33":1,"34":1,"35":1,"36":1,"37":1,"38":1,"39":1,"40":1,"41":1,"42":0},"b":{"1":[6,0],"2":[6,0],"3":[3,0],"4":[1,0],"5":[1,0],"6":[2,0],"7":[2,0],"8":[2,0],"9":[2,0],"10":[2,0],"11":[1,0],"12":[1,0],"13":[1,0]},"f":{"1":6,"2":3,"3":1,"4":1,"5":2,"6":2,"7":2,"8":15,"9":1,"10":1},"fnMap":{"1":{"name":"registerStudent","line":21,"loc":{"start":{"line":21,"column":4},"end":{"line":26,"column":4}}},"2":{"name":"updateStudentAge","line":28,"loc":{"start":{"line":28,"column":4},"end":{"line":37,"column":4}}},"3":{"name":"updateStudentProfile","line":39,"loc":{"start":{"line":39,"column":4},"end":{"line":49,"column":4}}},"4":{"name":"updateStudentProfile","line":51,"loc":{"start":{"line":51,"column":4},"end":{"line":54,"column":4}}},"5":{"name":"suspendStudent","line":56,"loc":{"start":{"line":56,"column":4},"end":{"line":66,"column":4}}},"6":{"name":"cancelStudentSuspension","line":68,"loc":{"start":{"line":68,"column":4},"end":{"line":78,"column":4}}},"7":{"name":"getStudentBy","line":80,"loc":{"start":{"line":80,"column":4},"end":{"line":88,"column":4}}},"8":{"name":"getuserSchool","line":90,"loc":{"start":{"line":90,"column":4},"end":{"line":92,"column":4}}},"9":{"name":"rusticateStudent","line":94,"loc":{"start":{"line":94,"column":4},"end":{"line":104,"column":4}}},"10":{"name":"deleteStudent","line":106,"loc":{"start":{"line":106,"column":4},"end":{"line":117,"column":4}}}},"statementMap":{"1":{"start":{"line":22,"column":8},"end":{"line":22,"column":59}},"2":{"start":{"line":23,"column":8},"end":{"line":23,"column":70}},"3":{"start":{"line":24,"column":8},"end":{"line":24,"column":33}},"4":{"start":{"line":25,"column":8},"end":{"line":25,"column":81}},"5":{"start":{"line":29,"column":8},"end":{"line":29,"column":60}},"6":{"start":{"line":30,"column":8},"end":{"line":30,"column":908}},"7":{"start":{"line":31,"column":12},"end":{"line":31,"column":981}},"8":{"start":{"line":33,"column":16},"end":{"line":33,"column":22}},"9":{"start":{"line":40,"column":8},"end":{"line":40,"column":59}},"10":{"start":{"line":41,"column":8},"end":{"line":41,"column":60}},"11":{"start":{"line":42,"column":8},"end":{"line":42,"column":1353}},"12":{"start":{"line":43,"column":12},"end":{"line":43,"column":1426}},"13":{"start":{"line":45,"column":16},"end":{"line":45,"column":22}},"14":{"start":{"line":52,"column":8},"end":{"line":52,"column":37}},"15":{"start":{"line":53,"column":8},"end":{"line":53,"column":32}},"16":{"start":{"line":57,"column":8},"end":{"line":57,"column":60}},"17":{"start":{"line":58,"column":8},"end":{"line":58,"column":1882}},"18":{"start":{"line":59,"column":12},"end":{"line":59,"column":1955}},"19":{"start":{"line":60,"column":16},"end":{"line":60,"column":104}},"20":{"start":{"line":62,"column":16},"end":{"line":62,"column":22}},"21":{"start":{"line":69,"column":8},"end":{"line":69,"column":60}},"22":{"start":{"line":70,"column":8},"end":{"line":70,"column":2369}},"23":{"start":{"line":71,"column":12},"end":{"line":71,"column":2442}},"24":{"start":{"line":72,"column":16},"end":{"line":72,"column":90}},"25":{"start":{"line":74,"column":16},"end":{"line":74,"column":22}},"26":{"start":{"line":81,"column":8},"end":{"line":81,"column":60}},"27":{"start":{"line":82,"column":8},"end":{"line":82,"column":2859}},"28":{"start":{"line":83,"column":12},"end":{"line":83,"column":2932}},"29":{"start":{"line":84,"column":16},"end":{"line":84,"column":38}},"30":{"start":{"line":91,"column":8},"end":{"line":91,"column":38}},"31":{"start":{"line":95,"column":8},"end":{"line":95,"column":60}},"32":{"start":{"line":96,"column":8},"end":{"line":96,"column":3311}},"33":{"start":{"line":97,"column":12},"end":{"line":97,"column":3384}},"34":{"start":{"line":98,"column":16},"end":{"line":98,"column":89}},"35":{"start":{"line":100,"column":16},"end":{"line":100,"column":22}},"36":{"start":{"line":107,"column":8},"end":{"line":107,"column":60}},"37":{"start":{"line":108,"column":8},"end":{"line":108,"column":3775}},"38":{"start":{"line":109,"column":12},"end":{"line":109,"column":3848}},"39":{"start":{"line":110,"column":16},"end":{"line":110,"column":74}},"40":{"start":{"line":112,"column":16},"end":{"line":112,"column":29}},"41":{"start":{"line":113,"column":16},"end":{"line":113,"column":22}},"42":{"start":{"line":116,"column":8},"end":{"line":116,"column":42}}},"branchMap":{"1":{"line":22,"type":"if","locations":[{"start":{"line":22,"column":8},"end":{"line":22,"column":8}},{"start":{"line":22,"column":8},"end":{"line":22,"column":8}}]},"2":{"line":23,"type":"if","locations":[{"start":{"line":23,"column":8},"end":{"line":23,"column":8}},{"start":{"line":23,"column":8},"end":{"line":23,"column":8}}]},"3":{"line":31,"type":"if","locations":[{"start":{"line":31,"column":12},"end":{"line":31,"column":12}},{"start":{"line":31,"column":12},"end":{"line":31,"column":12}}]},"4":{"line":40,"type":"if","locations":[{"start":{"line":40,"column":8},"end":{"line":40,"column":8}},{"start":{"line":40,"column":8},"end":{"line":40,"column":8}}]},"5":{"line":43,"type":"if","locations":[{"start":{"line":43,"column":12},"end":{"line":43,"column":12}},{"start":{"line":43,"column":12},"end":{"line":43,"column":12}}]},"6":{"line":59,"type":"if","locations":[{"start":{"line":59,"column":12},"end":{"line":59,"column":12}},{"start":{"line":59,"column":12},"end":{"line":59,"column":12}}]},"7":{"line":60,"type":"if","locations":[{"start":{"line":60,"column":16},"end":{"line":60,"column":16}},{"start":{"line":60,"column":16},"end":{"line":60,"column":16}}]},"8":{"line":71,"type":"if","locations":[{"start":{"line":71,"column":12},"end":{"line":71,"column":12}},{"start":{"line":71,"column":12},"end":{"line":71,"column":12}}]},"9":{"line":72,"type":"if","locations":[{"start":{"line":72,"column":16},"end":{"line":72,"column":16}},{"start":{"line":72,"column":16},"end":{"line":72,"column":16}}]},"10":{"line":83,"type":"if","locations":[{"start":{"line":83,"column":12},"end":{"line":83,"column":12}},{"start":{"line":83,"column":12},"end":{"line":83,"column":12}}]},"11":{"line":97,"type":"if","locations":[{"start":{"line":97,"column":12},"end":{"line":97,"column":12}},{"start":{"line":97,"column":12},"end":{"line":97,"column":12}}]},"12":{"line":98,"type":"if","locations":[{"start":{"line":98,"column":16},"end":{"line":98,"column":16}},{"start":{"line":98,"column":16},"end":{"line":98,"column":16}}]},"13":{"line":109,"type":"if","locations":[{"start":{"line":109,"column":12},"end":{"line":109,"column":12}},{"start":{"line":109,"column":12},"end":{"line":109,"column":12}}]}}},"contracts\\TodolistManagement.sol":{"l":{"15":0,"16":0,"26":0,"27":0,"28":0,"29":0,"33":0,"34":0,"38":0,"42":0,"43":0,"45":0,"46":0,"48":0},"path":"C:\\Users\\DELL\\blockchain_development\\solidity\\Web3bridge-Web3-Cohort-XIII\\onsite-program\\submissions\\week-4\\day-4\\day4-task2\\BABALOLA ABIODUN AYOMIDE\\contracts\\TodolistManagement.sol","s":{"1":0,"2":0,"3":0,"4":0,"5":0,"6":0,"7":0,"8":0,"9":0,"10":0},"b":{"1":[0,0],"2":[0,0],"3":[0,0],"4":[0,0]},"f":{"1":0,"2":0,"3":0,"4":0,"5":0},"fnMap":{"1":{"name":"create_todo","line":14,"loc":{"start":{"line":14,"column":4},"end":{"line":23,"column":4}}},"2":{"name":"update_todo","line":25,"loc":{"start":{"line":25,"column":4},"end":{"line":30,"column":4}}},"3":{"name":"toggle_todo_status","line":32,"loc":{"start":{"line":32,"column":4},"end":{"line":35,"column":4}}},"4":{"name":"get_todos","line":37,"loc":{"start":{"line":37,"column":4},"end":{"line":39,"column":4}}},"5":{"name":"delete_todo","line":41,"loc":{"start":{"line":41,"column":4},"end":{"line":49,"column":4}}}},"statementMap":{"1":{"start":{"line":15,"column":8},"end":{"line":15,"column":56}},"2":{"start":{"line":16,"column":8},"end":{"line":16,"column":419}},"3":{"start":{"line":26,"column":8},"end":{"line":26,"column":70}},"4":{"start":{"line":27,"column":8},"end":{"line":27,"column":57}},"5":{"start":{"line":33,"column":8},"end":{"line":33,"column":70}},"6":{"start":{"line":38,"column":8},"end":{"line":38,"column":36}},"7":{"start":{"line":42,"column":8},"end":{"line":42,"column":47}},"8":{"start":{"line":43,"column":8},"end":{"line":43,"column":45}},"9":{"start":{"line":45,"column":8},"end":{"line":45,"column":1432}},"10":{"start":{"line":48,"column":8},"end":{"line":48,"column":34}}},"branchMap":{"1":{"line":26,"type":"if","locations":[{"start":{"line":26,"column":8},"end":{"line":26,"column":8}},{"start":{"line":26,"column":8},"end":{"line":26,"column":8}}]},"2":{"line":33,"type":"if","locations":[{"start":{"line":33,"column":8},"end":{"line":33,"column":8}},{"start":{"line":33,"column":8},"end":{"line":33,"column":8}}]},"3":{"line":43,"type":"if","locations":[{"start":{"line":43,"column":8},"end":{"line":43,"column":8}},{"start":{"line":43,"column":8},"end":{"line":43,"column":8}}]},"4":{"line":45,"type":"if","locations":[{"start":{"line":45,"column":8},"end":{"line":45,"column":8}},{"start":{"line":45,"column":8},"end":{"line":45,"column":8}}]}}}}